<?xml version="1.0" encoding="UTF-8"?>
<testsuite name="com.example.consumingrest.ConsumingRestApplicationTest" tests="1" skipped="0" failures="0" errors="0" timestamp="2021-06-13T01:26:37" hostname="DESKTOP-5F3JLLE" time="0.579">
  <properties/>
  <testcase name="contextLoads()" classname="com.example.consumingrest.ConsumingRestApplicationTest" time="0.579"/>
  <system-out><![CDATA[21:26:33.397 [Test worker] DEBUG org.springframework.test.context.BootstrapUtils - Instantiating CacheAwareContextLoaderDelegate from class [org.springframework.test.context.cache.DefaultCacheAwareContextLoaderDelegate]
21:26:33.412 [Test worker] DEBUG org.springframework.test.context.BootstrapUtils - Instantiating BootstrapContext using constructor [public org.springframework.test.context.support.DefaultBootstrapContext(java.lang.Class,org.springframework.test.context.CacheAwareContextLoaderDelegate)]
21:26:33.459 [Test worker] DEBUG org.springframework.test.context.BootstrapUtils - Instantiating TestContextBootstrapper for test class [com.example.consumingrest.ConsumingRestApplicationTest] from class [org.springframework.boot.test.context.SpringBootTestContextBootstrapper]
21:26:33.476 [Test worker] INFO org.springframework.boot.test.context.SpringBootTestContextBootstrapper - Neither @ContextConfiguration nor @ContextHierarchy found for test class [com.example.consumingrest.ConsumingRestApplicationTest], using SpringBootContextLoader
21:26:33.476 [Test worker] DEBUG org.springframework.test.context.support.AbstractContextLoader - Did not detect default resource location for test class [com.example.consumingrest.ConsumingRestApplicationTest]: class path resource [com/example/consumingrest/ConsumingRestApplicationTest-context.xml] does not exist
21:26:33.476 [Test worker] DEBUG org.springframework.test.context.support.AbstractContextLoader - Did not detect default resource location for test class [com.example.consumingrest.ConsumingRestApplicationTest]: class path resource [com/example/consumingrest/ConsumingRestApplicationTestContext.groovy] does not exist
21:26:33.476 [Test worker] INFO org.springframework.test.context.support.AbstractContextLoader - Could not detect default resource locations for test class [com.example.consumingrest.ConsumingRestApplicationTest]: no resource found for suffixes {-context.xml, Context.groovy}.
21:26:33.476 [Test worker] INFO org.springframework.test.context.support.AnnotationConfigContextLoaderUtils - Could not detect default configuration classes for test class [com.example.consumingrest.ConsumingRestApplicationTest]: ConsumingRestApplicationTest does not declare any static, non-private, non-final, nested classes annotated with @Configuration.
21:26:33.523 [Test worker] DEBUG org.springframework.test.context.support.ActiveProfilesUtils - Could not find an 'annotation declaring class' for annotation type [org.springframework.test.context.ActiveProfiles] and class [com.example.consumingrest.ConsumingRestApplicationTest]
21:26:33.601 [Test worker] DEBUG org.springframework.context.annotation.ClassPathScanningCandidateComponentProvider - Identified candidate component class: file [C:\Users\Kenny\Documents\GitHub\gs-consuming-rest\complete\build\classes\java\main\com\example\consumingrest\ConsumingRestApplication.class]
21:26:33.617 [Test worker] INFO org.springframework.boot.test.context.SpringBootTestContextBootstrapper - Found @SpringBootConfiguration com.example.consumingrest.ConsumingRestApplication for test class com.example.consumingrest.ConsumingRestApplicationTest
21:26:33.726 [Test worker] DEBUG org.springframework.boot.test.context.SpringBootTestContextBootstrapper - @TestExecutionListeners is not present for class [com.example.consumingrest.ConsumingRestApplicationTest]: using defaults.
21:26:33.726 [Test worker] INFO org.springframework.boot.test.context.SpringBootTestContextBootstrapper - Loaded default TestExecutionListener class names from location [META-INF/spring.factories]: [org.springframework.boot.test.autoconfigure.restdocs.RestDocsTestExecutionListener, org.springframework.boot.test.autoconfigure.web.client.MockRestServiceServerResetTestExecutionListener, org.springframework.boot.test.autoconfigure.web.servlet.MockMvcPrintOnlyOnFailureTestExecutionListener, org.springframework.boot.test.autoconfigure.web.servlet.WebDriverTestExecutionListener, org.springframework.boot.test.autoconfigure.webservices.client.MockWebServiceServerTestExecutionListener, org.springframework.boot.test.mock.mockito.MockitoTestExecutionListener, org.springframework.boot.test.mock.mockito.ResetMocksTestExecutionListener, org.springframework.test.context.web.ServletTestExecutionListener, org.springframework.test.context.support.DirtiesContextBeforeModesTestExecutionListener, org.springframework.test.context.event.ApplicationEventsTestExecutionListener, org.springframework.test.context.support.DependencyInjectionTestExecutionListener, org.springframework.test.context.support.DirtiesContextTestExecutionListener, org.springframework.test.context.transaction.TransactionalTestExecutionListener, org.springframework.test.context.jdbc.SqlScriptsTestExecutionListener, org.springframework.test.context.event.EventPublishingTestExecutionListener]
21:26:33.742 [Test worker] DEBUG org.springframework.boot.test.context.SpringBootTestContextBootstrapper - Skipping candidate TestExecutionListener [org.springframework.test.context.transaction.TransactionalTestExecutionListener] due to a missing dependency. Specify custom listener classes or make the default listener classes and their required dependencies available. Offending class: [org/springframework/transaction/TransactionDefinition]
21:26:33.742 [Test worker] DEBUG org.springframework.boot.test.context.SpringBootTestContextBootstrapper - Skipping candidate TestExecutionListener [org.springframework.test.context.jdbc.SqlScriptsTestExecutionListener] due to a missing dependency. Specify custom listener classes or make the default listener classes and their required dependencies available. Offending class: [org/springframework/transaction/interceptor/TransactionAttribute]
21:26:33.742 [Test worker] INFO org.springframework.boot.test.context.SpringBootTestContextBootstrapper - Using TestExecutionListeners: [org.springframework.test.context.web.ServletTestExecutionListener@76be1c6a, org.springframework.test.context.support.DirtiesContextBeforeModesTestExecutionListener@694f91a3, org.springframework.test.context.event.ApplicationEventsTestExecutionListener@538eaefd, org.springframework.boot.test.mock.mockito.MockitoTestExecutionListener@4aafa78c, org.springframework.boot.test.autoconfigure.SpringBootDependencyInjectionTestExecutionListener@4c74afff, org.springframework.test.context.support.DirtiesContextTestExecutionListener@59a3ed5b, org.springframework.test.context.event.EventPublishingTestExecutionListener@7f7c59d4, org.springframework.boot.test.autoconfigure.restdocs.RestDocsTestExecutionListener@48580270, org.springframework.boot.test.autoconfigure.web.client.MockRestServiceServerResetTestExecutionListener@21ba47d3, org.springframework.boot.test.autoconfigure.web.servlet.MockMvcPrintOnlyOnFailureTestExecutionListener@6735bf8a, org.springframework.boot.test.autoconfigure.web.servlet.WebDriverTestExecutionListener@7a1af841, org.springframework.boot.test.autoconfigure.webservices.client.MockWebServiceServerTestExecutionListener@72592ef0, org.springframework.boot.test.mock.mockito.ResetMocksTestExecutionListener@12e6bb7]
21:26:33.742 [Test worker] DEBUG org.springframework.test.context.support.AbstractDirtiesContextTestExecutionListener - Before test class: context [DefaultTestContext@4fafba6c testClass = ConsumingRestApplicationTest, testInstance = [null], testMethod = [null], testException = [null], mergedContextConfiguration = [WebMergedContextConfiguration@3dfa8a66 testClass = ConsumingRestApplicationTest, locations = '{}', classes = '{class com.example.consumingrest.ConsumingRestApplication}', contextInitializerClasses = '[]', activeProfiles = '{}', propertySourceLocations = '{}', propertySourceProperties = '{org.springframework.boot.test.context.SpringBootTestContextBootstrapper=true}', contextCustomizers = set[org.springframework.boot.test.autoconfigure.actuate.metrics.MetricsExportContextCustomizerFactory$DisableMetricExportContextCustomizer@626dd82d, org.springframework.boot.test.autoconfigure.properties.PropertyMappingContextCustomizer@0, org.springframework.boot.test.autoconfigure.web.servlet.WebDriverContextCustomizerFactory$Customizer@42cfed38, org.springframework.boot.test.context.filter.ExcludeFilterContextCustomizer@1652310, org.springframework.boot.test.json.DuplicateJsonObjectContextCustomizerFactory$DuplicateJsonObjectContextCustomizer@27b50a01, org.springframework.boot.test.mock.mockito.MockitoContextCustomizer@0, org.springframework.boot.test.web.client.TestRestTemplateContextCustomizer@268d6429, org.springframework.boot.test.context.SpringBootTestArgs@1, org.springframework.boot.test.context.SpringBootTestWebEnvironment@42482f6f], resourceBasePath = 'src/main/webapp', contextLoader = 'org.springframework.boot.test.context.SpringBootContextLoader', parent = [null]], attributes = map['org.springframework.test.context.web.ServletTestExecutionListener.activateListener' -> true]], class annotated with @DirtiesContext [false] with mode [null].
21:26:33.804 [Test worker] DEBUG org.springframework.test.context.support.TestPropertySourceUtils - Adding inlined properties to environment: {spring.jmx.enabled=false, org.springframework.boot.test.context.SpringBootTestContextBootstrapper=true}

  .   ____          _            __ _ _
 /\\ / ___'_ __ _ _(_)_ __  __ _ \ \ \ \
( ( )\___ | '_ | '_| | '_ \/ _` | \ \ \ \
 \\/  ___)| |_)| | | | | || (_| |  ) ) ) )
  '  |____| .__|_| |_|_| |_\__, | / / / /
 =========|_|==============|___/=/_/_/_/
 :: Spring Boot ::                (v2.4.3)

2021-06-12 21:26:34.117  INFO 4184 --- [    Test worker] c.e.c.ConsumingRestApplicationTest       : Starting ConsumingRestApplicationTest using Java 11.0.11 on DESKTOP-5F3JLLE with PID 4184 (started by Kenny in C:\Users\Kenny\Documents\GitHub\gs-consuming-rest\complete)
2021-06-12 21:26:34.117  INFO 4184 --- [    Test worker] c.e.c.ConsumingRestApplicationTest       : No active profile set, falling back to default profiles: default
2021-06-12 21:26:35.627  INFO 4184 --- [    Test worker] o.s.s.concurrent.ThreadPoolTaskExecutor  : Initializing ExecutorService 'applicationTaskExecutor'
2021-06-12 21:26:36.044  INFO 4184 --- [    Test worker] c.e.c.ConsumingRestApplicationTest       : Started ConsumingRestApplicationTest in 2.227 seconds (JVM running for 3.787)
2021-06-12 21:26:36.983  INFO 4184 --- [    Test worker] c.e.c.ConsumingRestApplication           : Quote{type='success', value=Value{id=12, quote='@springboot with @springframework is pure productivity! Who said in #java one has to write double the code than in other langs? #newFavLib'}}
]]></system-out>
  <system-err><![CDATA[]]></system-err>
</testsuite>
